文件名："dma"
文件内容： 4: cascade

文件名："keys"
文件内容：021c869f I--Q---     2 perm 3f1b0000     0     0 keyring   _ses.artifactory: empty
02ef5138 I--Q---    27 perm 3f1b0000     0     0 keyring   _ses.docker: empty
03401aa5 I--Q---     2 perm 3f1b0000     0     0 keyring   _ses.kmsg: empty
04c8df15 I------     1 perm 1f030000     0     0 keyring   .dns_resolver: empty
06092bc3 I--Q---     3 perm 3f1b0000     0     0 keyring   _ses.vpnkit-tap-vsockd: empty
0706dbb2 I--Q---     1 perm 0c030000     0 65534 keyring   .user_reg: 2
07882c70 I------     1 perm 1f0b0000     0     0 keyring   .builtin_trusted_keys: empty
08c4575b I--Q---     2 perm 3f1b0000     0     0 keyring   _ses.vpnkit-forwarder: empty
09190d4d I--Q---     1 perm 3f1b0000     0     0 keyring   _ses.binfmt: empty
0a3a1237 I--Q---     2 perm 3f1b0000     0     0 keyring   _ses.http-proxy: empty
0bd5332e I--Q---     2 perm 3f1b0000     0     0 keyring   _ses.allowlist: empty
0ed030e6 I--Q---     2 perm 3f1b0000     0     0 keyring   _ses.syn-filter: empty
120d9baa I------     1 perm 1f030000     0     0 keyring   .id_resolver: empty
13ab3cac I--Q---     2 perm 3f1b0000     0     0 keyring   _ses.trim-after-delete: empty
14b33f38 I--Q---     1 perm 1f3f0000     0 65534 keyring   _uid_ses.0: 1
22f45f67 I--Q---     2 perm 1f3f0000     0 65534 keyring   _uid.0: empty
2b235ae4 I--Q---     2 perm 3f1b0000     0     0 keyring   _ses.devenv-service: empty
2bb6db2c I--Q---     2 perm 3f1b0000     0     0 keyring   _ses.dns-forwarder: empty
321ac675 I--Q---     2 perm 3f1b0000     0     0 keyring   _ses.volume-contents: empty
33f5f304 I--Q---     2 perm 3f1b0000     0     0 keyring   _ses.container-filesystem: empty
37764c50 I--Q---     4 perm 3f1b0000     0     0 keyring   _ses.sntpc: empty
3bef7286 I--Q---     3 perm 3f1b0000     0     0 keyring   _ses.diagnosticsd: empty
3c91cd00 I------     1 perm 1f030000     0     0 keyring   .cifs_idmap: empty
3d0358ac I--Q---     2 perm 3f1b0000     0     0 keyring   _ses.rngd: empty

